<?xml version="1.0" encoding="UTF-8"?>
<testsuite xmlns:xsi="http://www.w3.org/2001/XMLSchema-instance" xsi:noNamespaceSchemaLocation="https://maven.apache.org/surefire/maven-surefire-plugin/xsd/surefire-test-report-3.0.xsd" version="3.0" name="dev.cardapio.CardapioApplicationTests" time="2.927" tests="1" errors="0" skipped="0" failures="0">
  <properties>
[...]
</properties>
  <testcase name="contextLoads" classname="dev.cardapio.CardapioApplicationTests" time="0.861">
    <system-out><![CDATA[02:37:03.272 [main] INFO org.springframework.test.context.support.AnnotationConfigContextLoaderUtils -- Could not detect default configuration classes for test class [dev.cardapio.CardapioApplicationTests]: CardapioApplicationTests does not declare any static, non-private, non-final, nested classes annotated with @Configuration.
02:37:03.392 [main] INFO org.springframework.boot.test.context.SpringBootTestContextBootstrapper -- Found @SpringBootConfiguration dev.cardapio.CardapioApplication for test class dev.cardapio.CardapioApplicationTests
02:37:03.574 [main] INFO org.springframework.boot.devtools.restart.RestartApplicationListener -- Restart disabled due to context in which it is running

  .   ____          _            __ _ _
 /\\ / ___'_ __ _ _(_)_ __  __ _ \ \ \ \
( ( )\___ | '_ | '_| | '_ \/ _` | \ \ \ \
 \\/  ___)| |_)| | | | | || (_| |  ) ) ) )
  '  |____| .__|_| |_|_| |_\__, | / / / /
 =========|_|==============|___/=/_/_/_/

 :: Spring Boot ::                (v3.3.2)

2024-08-06T02:37:03.926-03:00  INFO 28256 --- [cardapio] [           main] dev.cardapio.CardapioApplicationTests    : Starting CardapioApplicationTests using Java 22.0.1 with PID 28256 (started by Z0239165 in C:\Users\Z0239165\OneDrive - ZF Friedrichshafen AG\Desktop\Projeto Cardapio)
2024-08-06T02:37:03.927-03:00  INFO 28256 --- [cardapio] [           main] dev.cardapio.CardapioApplicationTests    : No active profile set, falling back to 1 default profile: "default"
2024-08-06T02:37:05.125-03:00  INFO 28256 --- [cardapio] [           main] dev.cardapio.CardapioApplicationTests    : Started CardapioApplicationTests in 1.567 seconds (process running for 2.724)
]]></system-out>
    <system-err><![CDATA[WARNING: A Java agent has been loaded dynamically (C:\Users\Z0239165\.m2\repository\net\bytebuddy\byte-buddy-agent\1.14.18\byte-buddy-agent-1.14.18.jar)
WARNING: If a serviceability tool is in use, please run with -XX:+EnableDynamicAgentLoading to hide this warning
WARNING: If a serviceability tool is not in use, please run with -Djdk.instrument.traceUsage for more information
WARNING: Dynamic loading of agents will be disallowed by default in a future release
]]></system-err>
  </testcase>
</testsuite>